
                 *********************************************
                 *                                           *
                 *             A I M - S p i c e             *
                 *                                           *
                 *         Professional Version 2020.100           *
                 *                                           *
                 *********************************************

	Date: Tue Nov 10 19:51:39 2020
	Circuit File: C:\Users\sigur\OneDrive\Skrivebord\DIC_Project\Exposecircuit.cir
	Analysis: DC Transfer Curves

**************************  Circuit Description  **************************

     1:  *	One pixel
     2:  
     3:  
     4:  *include C:\Users\sigur\OneDrive\Skrivebord\DIC_Project\p18_cmos_models_tt.inc
     5:  .param proc_delta = 1.0
     6:  .param vt_shift = 0.0
     7:  *include p18_model_card.inc
     8:  * p18 model card
     9:  .MODEL NMOS NMOS  								
    10:  + VERSION	=	3.1						
    11:  + LEVEL	=	49	NOIMOD	=	1	TNOM	=	2.70E+01
    12:  + TOX	=	'4.1E-9/proc_delta'	XJ	=	1.00E-07	NCH	=	2.33E+17
    13:  + VTH0	=	'0.36+vt_shift'	K1	=	5.84E-01	K2	=	4.14E-03
    14:  + K3	=	1.01E-03	K3B	=	2.20E+00	W0	=	1.00E-07
    15:  + NLX	=	1.81E-07	DVT0W	=	0.00E+00	DVT1W	=	0.00E+00
    16:  + DVT2W	=	0.00E+00	DVT0	=	1.73E+00	DVT1	=	4.38E-01
    17:  + DVT2	=	-3.70E-04	U0	=	'260*proc_delta*proc_delta'	UA	=	-1.38E-09
    18:  + UB	=	2.26E-18	UC	=	5.46E-11	VSAT	=	1.03E+05
    19:  + A0	=	1.92E+00	AGS	=	4.20E-01	B0	=	-1.52E-09
    20:  + B1	=	-9.92E-08	KETA	=	-7.16E-03	A1	=	6.61E-04
    21:  + A2	=	8.89E-01	RDSW	=	1.12E+02	PRWG	=	4.92E-01
    22:  + PRWB	=	-2.02E-01	WR	=	1.00E+00	WINT	=	7.12E-09
    23:  + LINT	=	1.12E-08	XL	=	-2.00E-08	XW	=	-1.00E-08
    24:  + DWG	=	-3.82E-09	DWB	=	8.63E-09	VOFF	=	-8.82E-02
    25:  + NFACTOR	=	2.30E+00	CIT	=	0.00E+00	CDSC	=	2.40E-04
    26:  + CDSCD	=	0.00E+00	CDSCB	=	0.00E+00	ETA0	=	3.13E-03
    27:  + ETAB	=	1.00E+00	DSUB	=	2.25E-02	PCLM	=	7.20E-01
    28:  + PDIBLC1	=	2.15E-01	PDIBLC2	=	2.23E-03	PDIBLCB	=	1.00E-01
    29:  + DROUT	=	8.01E-01	PSCBE1	=	5.44E+08	PSCBE2	=	1.00E-03
    30:  + PVAG	=	1.00E-12	DELTA	=	1.00E-02	RSH	=	6.78E+00
    31:  + MOBMOD	=	1.00E+00	PRT	=	0.00E+00	UTE	=	-1.50E+00
    32:  + KT1	=	-1.10E-01	KT1L	=	0.00E+00	KT2	=	2.19E-02
    33:  + UA1	=	4.28E-09	UB1	=	-7.62E-18	UC1	=	-5.57E-11
    34:  + AT	=	3.30E+04	WL	=	0.00E+00	WLN	=	1.00E+00
    35:  + WW	=	0.00E+00	WWN	=	1.00E+00	WWL	=	0.00E+00
    36:  + LL	=	0.00E+00	LLN	=	1.00E+00	LW	=	0.00E+00
    37:  + LWN	=	1.00E+00	LWL	=	0.00E+00	CAPMOD	=	2.00E+00
    38:  + XPART	=	5.00E-01	CGDO	=	6.98E-10	CGSO	=	7.03E-10
    39:  + CGBO	=	1.00E-12	CJ	=	'9.8e-4/proc_delta'	PB	=	7.34E-01
    40:  + MJ	=	3.63E-01	CJSW	=	'2.4e-10/proc_delta'	PBSW	=	4.71E-01
    41:  + MJSW	=	1.00E-01	CJSWG	=	3.29E-10	PBSWG	=	4.66E-01
    42:  + MJSWG	=	1.00E-01	CF	=	0.00E+00	PVTH0	=	-7.16E-04
    43:  + PRDSW	=	-6.66E-01	PK2	=	5.92E-04	WKETA	=	2.14E-04
    44:  + LKETA	=	-1.51E-02	PU0	=	3.36E+00	PUA	=	-1.31E-11
    45:  + PUB	=	0.00E+00	PVSAT	=	1.25E+03	PETA0	=	1.00E-04
    46:  + PKETA	=	6.45E-04	KF	=	4.46E-29			
    47:  								
    48:  .MODEL PMOS PMOS  								
    49:  + VERSION	=	3.1						
    50:  + LEVEL	=	49	NOIMOD	=	1			
    51:  + TNOM	=	2.70E+01	TOX	=	'4.1E-9/proc_delta'	XJ	=	1.00E-07
    52:  + NCH	=	4.12E+17	VTH0	=	'-0.39-vt_shift'	K1	=	5.50E-01
    53:  + K2	=	3.50E-02	K3	=	0.00E+00	K3B	=	1.20E+01
    54:  + W0	=	1.00E-06	NLX	=	1.25E-07	DVT0W	=	0.00E+00
    55:  + DVT1W	=	0.00E+00	DVT2W	=	0.00E+00	DVT0	=	5.53E-01
    56:  + DVT1	=	2.46E-01	DVT2	=	1.00E-01	U0	=	'110*proc_delta*proc_delta'
    57:  + UA	=	1.44E-09	UB	=	2.29E-21	UC	=	-1.00E-10
    58:  + VSAT	=	1.95E+05	A0	=	1.72E+00	AGS	=	3.80E-01
    59:  + B0	=	5.87E-07	B1	=	1.44E-06	KETA	=	2.21E-02
    60:  + A1	=	4.66E-01	A2	=	3.00E-01	RDSW	=	3.11E+02
    61:  + PRWG	=	5.00E-01	PRWB	=	1.64E-02	WR	=	1.00E+00
    62:  + WINT	=	0.00E+00	LINT	=	2.00E-08	XL	=	-2.00E-08
    63:  + XW	=	-1.00E-08	DWG	=	-3.49E-08	DWB	=	1.22E-09
    64:  + VOFF	=	-9.80E-02	NFACTOR	=	2.00E+00	CIT	=	0.00E+00
    65:  + CDSC	=	2.40E-04	CDSCD	=	0.00E+00	CDSCB	=	0.00E+00
    66:  + ETA0	=	1.12E-03	ETAB	=	-4.79E-04	DSUB	=	1.60E-03
    67:  + PCLM	=	1.50E+00	PDIBLC1	=	3.00E-02	PDIBLC2	=	-1.01E-05
    68:  + PDIBLCB	=	1.00E-01	DROUT	=	1.56E-03	PSCBE1	=	4.91E+09
    69:  + PSCBE2	=	1.64E-09	PVAG	=	3.48E+00	DELTA	=	1.00E-02
    70:  + RSH	=	7.69E+00	MOBMOD	=	1.00E+00	PRT	=	0.00E+00
    71:  + UTE	=	-1.49E+00	KT1	=	-1.09E-01	KT1L	=	0.00E+00
    72:  + KT2	=	2.18E-02	UA1	=	4.27E-09	UB1	=	-7.68E-18
    73:  + UC1	=	-5.57E-11	AT	=	3.31E+04	WL	=	0.00E+00
    74:  + WLN	=	1.00E+00	WW	=	0.00E+00	WWN	=	1.00E+00
    75:  + WWL	=	0.00E+00	LL	=	0.00E+00	LLN	=	1.00E+00
    76:  + LW	=	0.00E+00	LWN	=	1.00E+00	LWL	=	0.00E+00
    77:  + CAPMOD	=	2.00E+00	XPART	=	5.00E-01	CGDO	=	6.88E-10
    78:  + CGSO	=	6.85E-10	CGBO	=	1.00E-12	CJ	=	'1.2e-3/proc_delta'
    79:  + PB	=	8.70E-01	MJ	=	4.20E-01	CJSW	=	'2.4e-10/proc_delta'
    80:  + PBSW	=	8.00E-01	MJSW	=	3.57E-01	CJSWG	=	4.24E-10
    81:  + PBSWG	=	8.00E-01	MJSWG	=	3.56E-01	CF	=	0.00E+00
    82:  + PVTH0	=	3.53E-03	PRDSW	=	1.02E+01	PK2	=	3.35E-03
    83:  + WKETA	=	3.52E-02	LKETA	=	-2.06E-03	PU0	=	-2.19E+00
    84:  + PUA	=	-7.63E-11	PUB	=	9.91E-22	PVSAT	=	5.00E+01
    85:  + PKETA	=	-6.41E-03	KF	=	1.29E-29	PETA0	=	7.31E-05
    86:  
    87:  *end of: p18_model_card.inc
    88:  *end of: C:\Users\sigur\OneDrive\Skrivebord\DIC_Project\p18_cmos_models_tt.inc
    89:  !.include C:\Users\sigur\OneDrive\Skrivebord\DIC_v2\p18_model_card.inc
    90:  
    91:  .param Ipd_1 = 750p ! Photodiode current, range [50 pA, 750 pA]
    92:  .param VDD = 1.8 ! Supply voltage
    93:  .param EXPOSURETIME = 2m ! Exposure time, range [2 ms, 30 ms]
    94:  
    95:  .param TRF = {EXPOSURETIME/100} ! Risetime and falltime of EXPOSURE and ERASE signals
    96:  .param PW = {EXPOSURETIME} ! Pulsewidth of EXPOSURE and ERASE signals
    97:  .param PERIOD = {EXPOSURETIME*10} ! Period for testbench sources
    98:  .param FS = 1k; ! Sampling clock frequency
    99:  .param CLK_PERIOD = {1/FS} ! Sampling clock period
   100:  .param EXPOSE_DLY = {CLK_PERIOD} ! Delay for EXPOSE signal
   101:  .param NRE_DLY = {2*CLK_PERIOD + EXPOSURETIME} ! Delay for NRE signal
   102:  .param ERASE_DLY = {6*CLK_PERIOD + EXPOSURETIME} ! Delay for ERASE signal
   103:  
   104:  
   105:  VDD Vdd 0 dc VDD
   106:  *X1 Vdd 0 EXPOSE ERASE Out Exposecircuit
   107:  X2 Vdd 0 Expose Erase NRE Out OnePixel
   108:  
   109:  
   110:  VEXPOSE EXPOSE 0 dc 0 pulse(0 VDD EXPOSE_DLY TRF TRF EXPOSURETIME PERIOD)
   111:  VERASE ERASE 0 dc 0 pulse(0 VDD ERASE_DLY TRF TRF CLK_PERIOD PERIOD)
   112:  VNRE NRE 0 dc 0 pulse(VDD 0 NRE_DLY TRF TRF CLK_PERIOD PERIOD)
   113:  
   114:  .plot V(EXPOSE) V(ERASE) V(NRE) V(Out)
   115:  *.plot V(Out)
   116:  
   117:  
   118:  .subckt OnePixel Vdd Vss Expose Erase NRE Out
   119:  XExp Vdd Vss Expose Erase N2 Exposecircuit
   120:  MP3 Vss N2 N3 Vdd PMOS L=1u W=5u
   121:  MP4 N3 NRE Out Vdd PMOS L=0.7u W=10u
   122:  *Xload Vdd Vss Out LoadTransistor
   123:  
   124:  .ends
   125:  
   126:  .subckt LoadTransistor Vdd Vss Gate
   127:  MC Gate Gate Vdd Vdd PMOS L=2u W=10u
   128:  CC Gate Vss 3p
   129:  .ends
   130:  
   131:  .subckt Exposecircuit Vdd Vss Expose Erase N2
   132:  XPD1 Vdd N1 PhotoDiode
   133:  MN1 N1 Expose N2 Vss NMOS L=0.7u W=10u
   134:  MN2 N2 Erase Vss Vss NMOS L=2u W=2u
   135:  CS N2 Vss 1.5p
   136:  .ends
   137:  
   138:  .subckt PhotoDiode  VDD N1_R1C1
   139:  I1_R1C1  VDD   N1_R1C1   DC  Ipd_1
   140:  d1 N1_R1C1 vdd dwell 1
   141:  .model dwell d cj0=1e-14 is=1e-12 m=0.5 bv=40
   142:  Cd1 N1_R1C1 VDD 30f
   143:  .ends 
   144:  .dc VDD 0 1 0.001

***************************  Model Parameters  ****************************


***************  Device Parameters (Only for .op analysis)  ***************



**************************  Analysis Parameters  **************************

	Source name #1 .. : VDD
	Start value #1 .. : 0
	End value #1 .... : 1
	Increment value #1: 0.001



**************  Options (Only those different from default)  **************



*************************  Simulation Statistics  *************************

	Total number of iterations...........: 2021
	Total analysis time (sec)............: 0.123
	Time spent in device loading (sec)...: 0.009
	Time spent in L-U decomposition (sec): 0
	Time spent in matrix reordering (sec): 0
	Time spent in matrix solving (sec)...: 0.001

***************************  Kernel Messages  *****************************

Circuit: *	One pixel

Warning: parameter xl not supported; value ignored
Warning: parameter xw not supported; value ignored
Warning: parameter xl not supported; value ignored
Warning: parameter xw not supported; value ignored
Warning: Pd = 0 is less than W for m:2:p4 in model pmos.
Warning: Ps = 0 is less than W for m:2:p4 in model pmos.
Warning: Pd = 0 is less than W for m:2:p3 in model pmos.
Warning: Ps = 0 is less than W for m:2:p3 in model pmos.
Warning: Pd = 0 is less than W for m:2:exp:n2 in model nmos.
Warning: Ps = 0 is less than W for m:2:exp:n2 in model nmos.
Warning: Pd = 0 is less than W for m:2:exp:n1 in model nmos.
Warning: Ps = 0 is less than W for m:2:exp:n1 in model nmos.
Warning: Node out has less than two connections

